{"label":"game-created","message":"players: 96 vs. 101 - author: jorge","timestamp":"2019-05-13T23:19:45.615Z"}
{"label":"user-created","message":"johnson","timestamp":"2019-05-13T23:19:45.615Z"}
{"label":"login","message":"juju","timestamp":"2019-05-13T23:41:54.167Z"}
{"label":"user-created","message":"rererere","timestamp":"2019-05-14T00:00:53.185Z"}
{"label":"user-created","message":"aaa","timestamp":"2019-05-17T22:37:07.541Z"}
{"label":"logout","message":"nuevo","timestamp":"2019-07-01T18:05:49.036Z"}
{"label":"login","message":"nuevo","timestamp":"2019-07-01T18:05:53.331Z"}
{"label":"logout","message":"nuevo","timestamp":"2019-07-01T18:12:28.537Z"}
{"label":"login","message":"juju","timestamp":"2019-07-01T18:12:35.081Z"}
{"label":"game-created","message":"players: 105 vs. 114 - author: juju","timestamp":"2019-07-01T18:35:57.911Z"}
{"label":"login","message":"juju","timestamp":"2019-07-01T19:06:09.539Z"}
{"label":"login","message":"juju","timestamp":"2019-07-01T19:06:26.381Z"}
{"label":"logout","message":"juju","timestamp":"2019-07-01T19:06:44.970Z"}
{"label":"login","message":"juju","timestamp":"2019-07-01T19:07:13.713Z"}
{"label":"logout","message":"juju","timestamp":"2019-07-01T19:18:35.945Z"}
{"label":"login","message":"nuevo","timestamp":"2019-07-01T19:18:40.067Z"}
{"label":"logout","message":"nuevo","timestamp":"2019-07-01T19:20:30.961Z"}
{"label":"login","message":"juju","timestamp":"2019-07-01T19:20:40.791Z"}
{"label":"logout","message":"juju","timestamp":"2019-07-01T21:41:41.086Z"}
{"label":"login","message":"juju","timestamp":"2019-07-05T21:29:08.486Z"}
{"label":"news-created","message":"a","timestamp":"2019-07-05T21:44:30.670Z"}
{"label":"news-created","message":"hola","timestamp":"2019-07-05T22:30:10.466Z"}
{"label":"news-created","message":"asdasdadasdasdads","timestamp":"2019-07-05T22:42:14.252Z"}
{"label":"game-created","message":"players: 105 vs. 108 - author: juju","timestamp":"2019-07-06T00:08:32.004Z"}
{"label":"game-created","message":"players: 138 vs. 103 - author: juju","timestamp":"2019-07-06T00:09:14.356Z"}
{"label":"game-created","message":"players: 138 vs. 91 - author: qwerty","timestamp":"2019-07-22T23:53:03.893Z"}
{"label":"user-created","message":"9wira","timestamp":"2019-07-22T23:53:04.605Z"}
{"label":"login","message":"juju","timestamp":"2019-11-03T01:48:15.658Z"}
{"label":"logout","message":"juju","timestamp":"2019-11-03T01:58:05.274Z"}
